<?xml version="1.0" encoding="UTF-8"?>
<coverage generated="1743337477572" clover="3.2.0">
  <project timestamp="1743337477572" name="All files">
    <metrics statements="67" coveredstatements="61" conditionals="33" coveredconditionals="25" methods="19" coveredmethods="16" elements="119" coveredelements="102" complexity="0" loc="67" ncloc="67" packages="6" files="12" classes="12"/>
    <package name="src.components">
      <metrics statements="41" coveredstatements="38" conditionals="29" coveredconditionals="25" methods="12" coveredmethods="11"/>
      <file name="ButtonThemed.tsx" path="C:\Users\leona\Projects\GymBro\app\src\components\ButtonThemed.tsx">
        <metrics statements="3" coveredstatements="3" conditionals="5" coveredconditionals="5" methods="1" coveredmethods="1"/>
        <line num="12" count="2" type="cond" truecount="1" falsecount="0"/>
        <line num="17" count="7" type="stmt"/>
        <line num="18" count="7" type="stmt"/>
      </file>
      <file name="SafeAreaViewThemed.tsx" path="C:\Users\leona\Projects\GymBro\app\src\components\SafeAreaViewThemed.tsx">
        <metrics statements="3" coveredstatements="3" conditionals="0" coveredconditionals="0" methods="1" coveredmethods="1"/>
        <line num="8" count="1" type="stmt"/>
        <line num="9" count="5" type="stmt"/>
        <line num="10" count="5" type="stmt"/>
      </file>
      <file name="Subtitle.tsx" path="C:\Users\leona\Projects\GymBro\app\src\components\Subtitle.tsx">
        <metrics statements="3" coveredstatements="3" conditionals="0" coveredconditionals="0" methods="1" coveredmethods="1"/>
        <line num="7" count="1" type="stmt"/>
        <line num="8" count="5" type="stmt"/>
        <line num="9" count="5" type="stmt"/>
      </file>
      <file name="TextInputThemed.tsx" path="C:\Users\leona\Projects\GymBro\app\src\components\TextInputThemed.tsx">
        <metrics statements="18" coveredstatements="16" conditionals="18" coveredconditionals="15" methods="5" coveredmethods="4"/>
        <line num="19" count="2" type="stmt"/>
        <line num="20" count="21" type="stmt"/>
        <line num="21" count="21" type="cond" truecount="2" falsecount="0"/>
        <line num="22" count="18" type="stmt"/>
        <line num="24" count="3" type="stmt"/>
        <line num="35" count="2" type="cond" truecount="2" falsecount="0"/>
        <line num="36" count="21" type="stmt"/>
        <line num="37" count="21" type="stmt"/>
        <line num="38" count="21" type="stmt"/>
        <line num="39" count="21" type="stmt"/>
        <line num="49" count="21" type="stmt"/>
        <line num="54" count="21" type="stmt"/>
        <line num="55" count="0" type="cond" truecount="0" falsecount="2"/>
        <line num="56" count="0" type="stmt"/>
        <line num="58" count="21" type="stmt"/>
        <line num="71" count="2" type="stmt"/>
        <line num="87" count="1" type="cond" truecount="1" falsecount="1"/>
        <line num="88" count="1" type="stmt"/>
      </file>
      <file name="TextThemed.tsx" path="C:\Users\leona\Projects\GymBro\app\src\components\TextThemed.tsx">
        <metrics statements="8" coveredstatements="7" conditionals="6" coveredconditionals="5" methods="2" coveredmethods="2"/>
        <line num="16" count="4" type="stmt"/>
        <line num="20" count="41" type="stmt"/>
        <line num="21" count="41" type="cond" truecount="2" falsecount="1"/>
        <line num="23" count="35" type="stmt"/>
        <line num="25" count="6" type="stmt"/>
        <line num="27" count="0" type="stmt"/>
        <line num="31" count="4" type="cond" truecount="3" falsecount="0"/>
        <line num="32" count="41" type="stmt"/>
      </file>
      <file name="Title.tsx" path="C:\Users\leona\Projects\GymBro\app\src\components\Title.tsx">
        <metrics statements="3" coveredstatements="3" conditionals="0" coveredconditionals="0" methods="1" coveredmethods="1"/>
        <line num="7" count="1" type="stmt"/>
        <line num="8" count="5" type="stmt"/>
        <line num="10" count="5" type="stmt"/>
      </file>
      <file name="UserIcon.tsx" path="C:\Users\leona\Projects\GymBro\app\src\components\UserIcon.tsx">
        <metrics statements="3" coveredstatements="3" conditionals="0" coveredconditionals="0" methods="1" coveredmethods="1"/>
        <line num="4" count="1" type="stmt"/>
        <line num="5" count="5" type="stmt"/>
        <line num="6" count="5" type="stmt"/>
      </file>
    </package>
    <package name="src.constants">
      <metrics statements="9" coveredstatements="9" conditionals="0" coveredconditionals="0" methods="0" coveredmethods="0"/>
      <file name="colors.ts" path="C:\Users\leona\Projects\GymBro\app\src\constants\colors.ts">
        <metrics statements="9" coveredstatements="9" conditionals="0" coveredconditionals="0" methods="0" coveredmethods="0"/>
        <line num="1" count="4" type="stmt"/>
        <line num="2" count="4" type="stmt"/>
        <line num="3" count="4" type="stmt"/>
        <line num="4" count="4" type="stmt"/>
        <line num="5" count="4" type="stmt"/>
        <line num="6" count="4" type="stmt"/>
        <line num="7" count="4" type="stmt"/>
        <line num="8" count="4" type="stmt"/>
        <line num="9" count="4" type="stmt"/>
      </file>
    </package>
    <package name="src.contexts">
      <metrics statements="5" coveredstatements="5" conditionals="0" coveredconditionals="0" methods="2" coveredmethods="2"/>
      <file name="ThemeContext.tsx" path="C:\Users\leona\Projects\GymBro\app\src\contexts\ThemeContext.tsx">
        <metrics statements="5" coveredstatements="5" conditionals="0" coveredconditionals="0" methods="2" coveredmethods="2"/>
        <line num="5" count="4" type="stmt"/>
        <line num="21" count="4" type="stmt"/>
        <line num="22" count="110" type="stmt"/>
        <line num="30" count="4" type="stmt"/>
        <line num="31" count="14" type="stmt"/>
      </file>
    </package>
    <package name="src.hooks">
      <metrics statements="8" coveredstatements="5" conditionals="4" coveredconditionals="0" methods="3" coveredmethods="1"/>
      <file name="useAnimationControls.ts" path="C:\Users\leona\Projects\GymBro\app\src\hooks\useAnimationControls.ts">
        <metrics statements="8" coveredstatements="5" conditionals="4" coveredconditionals="0" methods="3" coveredmethods="1"/>
        <line num="3" count="1" type="stmt"/>
        <line num="7" count="15" type="stmt"/>
        <line num="8" count="15" type="stmt"/>
        <line num="9" count="0" type="stmt"/>
        <line num="12" count="0" type="cond" truecount="0" falsecount="4"/>
        <line num="14" count="15" type="stmt"/>
        <line num="15" count="0" type="stmt"/>
        <line num="17" count="15" type="stmt"/>
      </file>
    </package>
    <package name="src.views">
      <metrics statements="2" coveredstatements="2" conditionals="0" coveredconditionals="0" methods="1" coveredmethods="1"/>
      <file name="RegisterUser.tsx" path="C:\Users\leona\Projects\GymBro\app\src\views\RegisterUser.tsx">
        <metrics statements="2" coveredstatements="2" conditionals="0" coveredconditionals="0" methods="1" coveredmethods="1"/>
        <line num="23" count="1" type="stmt"/>
        <line num="24" count="5" type="stmt"/>
      </file>
    </package>
    <package name="tests.utils">
      <metrics statements="2" coveredstatements="2" conditionals="0" coveredconditionals="0" methods="1" coveredmethods="1"/>
      <file name="renderWithTheme.tsx" path="C:\Users\leona\Projects\GymBro\app\tests\utils\renderWithTheme.tsx">
        <metrics statements="2" coveredstatements="2" conditionals="0" coveredconditionals="0" methods="1" coveredmethods="1"/>
        <line num="5" count="4" type="stmt"/>
        <line num="6" count="14" type="stmt"/>
      </file>
    </package>
  </project>
</coverage>
