{"C:\\Users\\leona\\Projects\\GymBro\\app\\src\\components\\ButtonThemed.tsx": {"path":"C:\\Users\\leona\\Projects\\GymBro\\app\\src\\components\\ButtonThemed.tsx","statementMap":{"0":{"start":{"line":12,"column":28},"end":{"line":36,"column":1}},"1":{"start":{"line":17,"column":8},"end":{"line":17,"column":18}},"2":{"start":{"line":18,"column":4},"end":{"line":35,"column":23}}},"fnMap":{"0":{"name":"(anonymous_0)","decl":{"start":{"line":12,"column":28},"end":{"line":12,"column":29}},"loc":{"start":{"line":12,"column":87},"end":{"line":36,"column":1}},"line":12}},"branchMap":{"0":{"loc":{"start":{"line":12,"column":50},"end":{"line":12,"column":65}},"type":"default-arg","locations":[{"start":{"line":12,"column":60},"end":{"line":12,"column":65}}],"line":12},"1":{"loc":{"start":{"line":21,"column":29},"end":{"line":21,"column":75}},"type":"cond-expr","locations":[{"start":{"line":21,"column":39},"end":{"line":21,"column":58}},{"start":{"line":21,"column":61},"end":{"line":21,"column":75}}],"line":21},"2":{"loc":{"start":{"line":31,"column":12},"end":{"line":33,"column":25}},"type":"cond-expr","locations":[{"start":{"line":31,"column":22},"end":{"line":31,"column":119}},{"start":{"line":31,"column":122},"end":{"line":33,"column":25}}],"line":31}},"s":{"0":2,"1":7,"2":7},"f":{"0":7},"b":{"0":[1],"1":[1,6],"2":[1,6]},"_coverageSchema":"1a1c01bbd47fc00a2c39e90264f33305004495a9","hash":"752e680f17ff4241fcc067839a0635b48ffa9ae7"}
,"C:\\Users\\leona\\Projects\\GymBro\\app\\src\\components\\SafeAreaViewThemed.tsx": {"path":"C:\\Users\\leona\\Projects\\GymBro\\app\\src\\components\\SafeAreaViewThemed.tsx","statementMap":{"0":{"start":{"line":8,"column":34},"end":{"line":19,"column":1}},"1":{"start":{"line":9,"column":32},"end":{"line":9,"column":42}},"2":{"start":{"line":10,"column":4},"end":{"line":18,"column":19}}},"fnMap":{"0":{"name":"(anonymous_0)","decl":{"start":{"line":8,"column":34},"end":{"line":8,"column":35}},"loc":{"start":{"line":8,"column":59},"end":{"line":19,"column":1}},"line":8}},"branchMap":{},"s":{"0":1,"1":5,"2":5},"f":{"0":5},"b":{},"_coverageSchema":"1a1c01bbd47fc00a2c39e90264f33305004495a9","hash":"0138252e113782ecc274338a966f0f1e4bdd0616"}
,"C:\\Users\\leona\\Projects\\GymBro\\app\\src\\components\\Subtitle.tsx": {"path":"C:\\Users\\leona\\Projects\\GymBro\\app\\src\\components\\Subtitle.tsx","statementMap":{"0":{"start":{"line":7,"column":24},"end":{"line":14,"column":1}},"1":{"start":{"line":8,"column":31},"end":{"line":8,"column":41}},"2":{"start":{"line":9,"column":4},"end":{"line":13,"column":17}}},"fnMap":{"0":{"name":"(anonymous_0)","decl":{"start":{"line":7,"column":24},"end":{"line":7,"column":25}},"loc":{"start":{"line":7,"column":49},"end":{"line":14,"column":1}},"line":7}},"branchMap":{},"s":{"0":1,"1":5,"2":5},"f":{"0":5},"b":{},"_coverageSchema":"1a1c01bbd47fc00a2c39e90264f33305004495a9","hash":"a8f175d9836bc3a2c1c9edcc7fc104023b0cdb76"}
,"C:\\Users\\leona\\Projects\\GymBro\\app\\src\\components\\TextInputThemed.tsx": {"path":"C:\\Users\\leona\\Projects\\GymBro\\app\\src\\components\\TextInputThemed.tsx","statementMap":{"0":{"start":{"line":19,"column":24},"end":{"line":33,"column":1}},"1":{"start":{"line":20,"column":27},"end":{"line":20,"column":37}},"2":{"start":{"line":21,"column":4},"end":{"line":23,"column":5}},"3":{"start":{"line":22,"column":8},"end":{"line":22,"column":15}},"4":{"start":{"line":24,"column":4},"end":{"line":32,"column":17}},"5":{"start":{"line":35,"column":31},"end":{"line":102,"column":1}},"6":{"start":{"line":36,"column":28},"end":{"line":36,"column":30}},"7":{"start":{"line":37,"column":25},"end":{"line":37,"column":44}},"8":{"start":{"line":38,"column":31},"end":{"line":38,"column":54}},"9":{"start":{"line":39,"column":21},"end":{"line":39,"column":44}},"10":{"start":{"line":49,"column":8},"end":{"line":49,"column":18}},"11":{"start":{"line":54,"column":8},"end":{"line":57,"column":6}},"12":{"start":{"line":55,"column":8},"end":{"line":55,"column":53}},"13":{"start":{"line":55,"column":21},"end":{"line":55,"column":53}},"14":{"start":{"line":56,"column":8},"end":{"line":56,"column":41}},"15":{"start":{"line":58,"column":4},"end":{"line":101,"column":11}},"16":{"start":{"line":71,"column":16},"end":{"line":71,"column":54}},"17":{"start":{"line":87,"column":20},"end":{"line":87,"column":38}},"18":{"start":{"line":87,"column":31},"end":{"line":87,"column":38}},"19":{"start":{"line":88,"column":20},"end":{"line":88,"column":39}}},"fnMap":{"0":{"name":"(anonymous_0)","decl":{"start":{"line":19,"column":24},"end":{"line":19,"column":25}},"loc":{"start":{"line":19,"column":64},"end":{"line":33,"column":1}},"line":19},"1":{"name":"(anonymous_1)","decl":{"start":{"line":35,"column":31},"end":{"line":35,"column":32}},"loc":{"start":{"line":35,"column":125},"end":{"line":102,"column":1}},"line":35},"2":{"name":"(anonymous_2)","decl":{"start":{"line":54,"column":43},"end":{"line":54,"column":44}},"loc":{"start":{"line":54,"column":59},"end":{"line":57,"column":5}},"line":54},"3":{"name":"(anonymous_3)","decl":{"start":{"line":70,"column":21},"end":{"line":70,"column":22}},"loc":{"start":{"line":70,"column":27},"end":{"line":72,"column":13}},"line":70},"4":{"name":"(anonymous_4)","decl":{"start":{"line":86,"column":24},"end":{"line":86,"column":25}},"loc":{"start":{"line":86,"column":30},"end":{"line":89,"column":17}},"line":86}},"branchMap":{"0":{"loc":{"start":{"line":21,"column":4},"end":{"line":23,"column":5}},"type":"if","locations":[{"start":{"line":21,"column":4},"end":{"line":23,"column":5}},{"start":{},"end":{}}],"line":21},"1":{"loc":{"start":{"line":31,"column":9},"end":{"line":31,"column":24}},"type":"binary-expr","locations":[{"start":{"line":31,"column":9},"end":{"line":31,"column":18}},{"start":{"line":31,"column":22},"end":{"line":31,"column":24}}],"line":31},"2":{"loc":{"start":{"line":35,"column":63},"end":{"line":35,"column":76}},"type":"default-arg","locations":[{"start":{"line":35,"column":71},"end":{"line":35,"column":76}}],"line":35},"3":{"loc":{"start":{"line":35,"column":89},"end":{"line":35,"column":103}},"type":"default-arg","locations":[{"start":{"line":35,"column":98},"end":{"line":35,"column":103}}],"line":35},"4":{"loc":{"start":{"line":55,"column":8},"end":{"line":55,"column":53}},"type":"if","locations":[{"start":{"line":55,"column":8},"end":{"line":55,"column":53}},{"start":{},"end":{}}],"line":55},"5":{"loc":{"start":{"line":62,"column":33},"end":{"line":62,"column":84}},"type":"cond-expr","locations":[{"start":{"line":62,"column":41},"end":{"line":62,"column":61}},{"start":{"line":62,"column":64},"end":{"line":62,"column":84}}],"line":62},"6":{"loc":{"start":{"line":79,"column":27},"end":{"line":79,"column":64}},"type":"cond-expr","locations":[{"start":{"line":79,"column":35},"end":{"line":79,"column":45}},{"start":{"line":79,"column":48},"end":{"line":79,"column":64}}],"line":79},"7":{"loc":{"start":{"line":83,"column":24},"end":{"line":83,"column":61}},"type":"cond-expr","locations":[{"start":{"line":83,"column":33},"end":{"line":83,"column":39}},{"start":{"line":83,"column":42},"end":{"line":83,"column":61}}],"line":83},"8":{"loc":{"start":{"line":87,"column":20},"end":{"line":87,"column":38}},"type":"if","locations":[{"start":{"line":87,"column":20},"end":{"line":87,"column":38}},{"start":{},"end":{}}],"line":87},"9":{"loc":{"start":{"line":93,"column":27},"end":{"line":93,"column":62}},"type":"cond-expr","locations":[{"start":{"line":93,"column":35},"end":{"line":93,"column":45}},{"start":{"line":93,"column":48},"end":{"line":93,"column":62}}],"line":93}},"s":{"0":2,"1":21,"2":21,"3":18,"4":3,"5":2,"6":21,"7":21,"8":21,"9":21,"10":21,"11":21,"12":0,"13":0,"14":0,"15":21,"16":2,"17":1,"18":0,"19":1},"f":{"0":21,"1":21,"2":0,"3":2,"4":1},"b":{"0":[18,3],"1":[3,2],"2":[3],"3":[11],"4":[0,0],"5":[3,18],"6":[3,18],"7":[15,6],"8":[0,1],"9":[3,18]},"_coverageSchema":"1a1c01bbd47fc00a2c39e90264f33305004495a9","hash":"251aa0faaff3a920a642219e9f0f27eba5b30bd6"}
,"C:\\Users\\leona\\Projects\\GymBro\\app\\src\\components\\TextThemed.tsx": {"path":"C:\\Users\\leona\\Projects\\GymBro\\app\\src\\components\\TextThemed.tsx","statementMap":{"0":{"start":{"line":16,"column":20},"end":{"line":29,"column":1}},"1":{"start":{"line":20,"column":10},"end":{"line":20,"column":20}},"2":{"start":{"line":21,"column":4},"end":{"line":28,"column":5}},"3":{"start":{"line":23,"column":12},"end":{"line":23,"column":27}},"4":{"start":{"line":25,"column":12},"end":{"line":25,"column":28}},"5":{"start":{"line":27,"column":12},"end":{"line":27,"column":27}},"6":{"start":{"line":31,"column":26},"end":{"line":38,"column":1}},"7":{"start":{"line":32,"column":4},"end":{"line":37,"column":11}}},"fnMap":{"0":{"name":"(anonymous_0)","decl":{"start":{"line":16,"column":20},"end":{"line":16,"column":21}},"loc":{"start":{"line":16,"column":40},"end":{"line":29,"column":1}},"line":16},"1":{"name":"(anonymous_1)","decl":{"start":{"line":31,"column":26},"end":{"line":31,"column":27}},"loc":{"start":{"line":31,"column":106},"end":{"line":38,"column":1}},"line":31}},"branchMap":{"0":{"loc":{"start":{"line":21,"column":4},"end":{"line":28,"column":5}},"type":"switch","locations":[{"start":{"line":22,"column":8},"end":{"line":23,"column":27}},{"start":{"line":24,"column":8},"end":{"line":25,"column":28}},{"start":{"line":26,"column":8},"end":{"line":27,"column":27}}],"line":21},"1":{"loc":{"start":{"line":31,"column":46},"end":{"line":31,"column":55}},"type":"default-arg","locations":[{"start":{"line":31,"column":53},"end":{"line":31,"column":55}}],"line":31},"2":{"loc":{"start":{"line":31,"column":57},"end":{"line":31,"column":74}},"type":"default-arg","locations":[{"start":{"line":31,"column":70},"end":{"line":31,"column":74}}],"line":31},"3":{"loc":{"start":{"line":31,"column":76},"end":{"line":31,"column":92}},"type":"default-arg","locations":[{"start":{"line":31,"column":83},"end":{"line":31,"column":92}}],"line":31}},"s":{"0":4,"1":41,"2":41,"3":35,"4":6,"5":0,"6":4,"7":41},"f":{"0":41,"1":41},"b":{"0":[35,6,0],"1":[22],"2":[20],"3":[35]},"_coverageSchema":"1a1c01bbd47fc00a2c39e90264f33305004495a9","hash":"7a3cd733101f1e8f7de8624df402c76e111f954f"}
,"C:\\Users\\leona\\Projects\\GymBro\\app\\src\\components\\Title.tsx": {"path":"C:\\Users\\leona\\Projects\\GymBro\\app\\src\\components\\Title.tsx","statementMap":{"0":{"start":{"line":7,"column":21},"end":{"line":15,"column":1}},"1":{"start":{"line":8,"column":31},"end":{"line":8,"column":41}},"2":{"start":{"line":10,"column":4},"end":{"line":14,"column":17}}},"fnMap":{"0":{"name":"(anonymous_0)","decl":{"start":{"line":7,"column":21},"end":{"line":7,"column":22}},"loc":{"start":{"line":7,"column":46},"end":{"line":15,"column":1}},"line":7}},"branchMap":{},"s":{"0":1,"1":5,"2":5},"f":{"0":5},"b":{},"_coverageSchema":"1a1c01bbd47fc00a2c39e90264f33305004495a9","hash":"eca93d3ff925b320a355fb54fa00334ef7661eca"}
,"C:\\Users\\leona\\Projects\\GymBro\\app\\src\\components\\UserIcon.tsx": {"path":"C:\\Users\\leona\\Projects\\GymBro\\app\\src\\components\\UserIcon.tsx","statementMap":{"0":{"start":{"line":4,"column":24},"end":{"line":11,"column":1}},"1":{"start":{"line":5,"column":31},"end":{"line":5,"column":41}},"2":{"start":{"line":6,"column":4},"end":{"line":10,"column":23}}},"fnMap":{"0":{"name":"(anonymous_0)","decl":{"start":{"line":4,"column":24},"end":{"line":4,"column":25}},"loc":{"start":{"line":4,"column":30},"end":{"line":11,"column":1}},"line":4}},"branchMap":{},"s":{"0":1,"1":5,"2":5},"f":{"0":5},"b":{},"_coverageSchema":"1a1c01bbd47fc00a2c39e90264f33305004495a9","hash":"9c79b0a77d7cd9e6a57bb68b7aaa1f6ee91f65b6"}
,"C:\\Users\\leona\\Projects\\GymBro\\app\\src\\constants\\colors.ts": {"path":"C:\\Users\\leona\\Projects\\GymBro\\app\\src\\constants\\colors.ts","statementMap":{"0":{"start":{"line":1,"column":25},"end":{"line":1,"column":34}},"1":{"start":{"line":2,"column":31},"end":{"line":2,"column":40}},"2":{"start":{"line":3,"column":30},"end":{"line":3,"column":39}},"3":{"start":{"line":4,"column":32},"end":{"line":4,"column":41}},"4":{"start":{"line":5,"column":29},"end":{"line":5,"column":38}},"5":{"start":{"line":6,"column":32},"end":{"line":6,"column":41}},"6":{"start":{"line":7,"column":26},"end":{"line":7,"column":35}},"7":{"start":{"line":8,"column":36},"end":{"line":8,"column":45}},"8":{"start":{"line":9,"column":35},"end":{"line":9,"column":44}}},"fnMap":{},"branchMap":{},"s":{"0":4,"1":4,"2":4,"3":4,"4":4,"5":4,"6":4,"7":4,"8":4},"f":{},"b":{},"_coverageSchema":"1a1c01bbd47fc00a2c39e90264f33305004495a9","hash":"9f9a4881517aaded9bb1d54af2d6c662cb58f36c"}
,"C:\\Users\\leona\\Projects\\GymBro\\app\\src\\contexts\\ThemeContext.tsx": {"path":"C:\\Users\\leona\\Projects\\GymBro\\app\\src\\contexts\\ThemeContext.tsx","statementMap":{"0":{"start":{"line":5,"column":21},"end":{"line":19,"column":2}},"1":{"start":{"line":21,"column":24},"end":{"line":23,"column":1}},"2":{"start":{"line":22,"column":4},"end":{"line":22,"column":36}},"3":{"start":{"line":30,"column":36},"end":{"line":44,"column":1}},"4":{"start":{"line":31,"column":4},"end":{"line":43,"column":28}}},"fnMap":{"0":{"name":"(anonymous_0)","decl":{"start":{"line":21,"column":24},"end":{"line":21,"column":25}},"loc":{"start":{"line":21,"column":30},"end":{"line":23,"column":1}},"line":21},"1":{"name":"(anonymous_1)","decl":{"start":{"line":30,"column":36},"end":{"line":30,"column":37}},"loc":{"start":{"line":30,"column":68},"end":{"line":44,"column":1}},"line":30}},"branchMap":{},"s":{"0":4,"1":4,"2":110,"3":4,"4":14},"f":{"0":110,"1":14},"b":{},"_coverageSchema":"1a1c01bbd47fc00a2c39e90264f33305004495a9","hash":"6e70c0ad4ff86c315a7399dcccd2c88104f6455b"}
,"C:\\Users\\leona\\Projects\\GymBro\\app\\src\\hooks\\useAnimationControls.ts": {"path":"C:\\Users\\leona\\Projects\\GymBro\\app\\src\\hooks\\useAnimationControls.ts","statementMap":{"0":{"start":{"line":3,"column":36},"end":{"line":22,"column":1}},"1":{"start":{"line":7,"column":24},"end":{"line":7,"column":58}},"2":{"start":{"line":8,"column":30},"end":{"line":13,"column":5}},"3":{"start":{"line":9,"column":8},"end":{"line":11,"column":11}},"4":{"start":{"line":12,"column":8},"end":{"line":12,"column":77}},"5":{"start":{"line":12,"column":32},"end":{"line":12,"column":77}},"6":{"start":{"line":14,"column":29},"end":{"line":16,"column":5}},"7":{"start":{"line":15,"column":8},"end":{"line":15,"column":52}},"8":{"start":{"line":17,"column":4},"end":{"line":21,"column":5}}},"fnMap":{"0":{"name":"(anonymous_0)","decl":{"start":{"line":3,"column":36},"end":{"line":3,"column":37}},"loc":{"start":{"line":6,"column":5},"end":{"line":22,"column":1}},"line":6},"1":{"name":"(anonymous_1)","decl":{"start":{"line":8,"column":30},"end":{"line":8,"column":31}},"loc":{"start":{"line":8,"column":68},"end":{"line":13,"column":5}},"line":8},"2":{"name":"(anonymous_2)","decl":{"start":{"line":14,"column":29},"end":{"line":14,"column":30}},"loc":{"start":{"line":14,"column":35},"end":{"line":16,"column":5}},"line":14}},"branchMap":{"0":{"loc":{"start":{"line":12,"column":8},"end":{"line":12,"column":77}},"type":"if","locations":[{"start":{"line":12,"column":8},"end":{"line":12,"column":77}},{"start":{},"end":{}}],"line":12},"1":{"loc":{"start":{"line":12,"column":59},"end":{"line":12,"column":75}},"type":"binary-expr","locations":[{"start":{"line":12,"column":59},"end":{"line":12,"column":66}},{"start":{"line":12,"column":70},"end":{"line":12,"column":75}}],"line":12}},"s":{"0":1,"1":15,"2":15,"3":0,"4":0,"5":0,"6":15,"7":0,"8":15},"f":{"0":15,"1":0,"2":0},"b":{"0":[0,0],"1":[0,0]},"_coverageSchema":"1a1c01bbd47fc00a2c39e90264f33305004495a9","hash":"640e55a10c09606460e5115f54940a90b5d3c92e"}
,"C:\\Users\\leona\\Projects\\GymBro\\app\\src\\views\\RegisterUser.tsx": {"path":"C:\\Users\\leona\\Projects\\GymBro\\app\\src\\views\\RegisterUser.tsx","statementMap":{"0":{"start":{"line":23,"column":28},"end":{"line":74,"column":1}},"1":{"start":{"line":24,"column":4},"end":{"line":73,"column":25}}},"fnMap":{"0":{"name":"(anonymous_0)","decl":{"start":{"line":23,"column":28},"end":{"line":23,"column":29}},"loc":{"start":{"line":23,"column":160},"end":{"line":74,"column":1}},"line":23}},"branchMap":{},"s":{"0":1,"1":5},"f":{"0":5},"b":{},"_coverageSchema":"1a1c01bbd47fc00a2c39e90264f33305004495a9","hash":"8d7dca37e5086d526a42763b3667a09af0672334"}
,"C:\\Users\\leona\\Projects\\GymBro\\app\\tests\\utils\\renderWithTheme.tsx": {"path":"C:\\Users\\leona\\Projects\\GymBro\\app\\tests\\utils\\renderWithTheme.tsx","statementMap":{"0":{"start":{"line":5,"column":31},"end":{"line":15,"column":1}},"1":{"start":{"line":6,"column":4},"end":{"line":14,"column":5}}},"fnMap":{"0":{"name":"(anonymous_0)","decl":{"start":{"line":5,"column":31},"end":{"line":5,"column":32}},"loc":{"start":{"line":5,"column":56},"end":{"line":15,"column":1}},"line":5}},"branchMap":{},"s":{"0":4,"1":14},"f":{"0":14},"b":{},"_coverageSchema":"1a1c01bbd47fc00a2c39e90264f33305004495a9","hash":"a290d14793b8e016a250ea21ee831757d0747bf0"}
}
