TN:
SF:src\components\ButtonThemed.tsx
FN:12,(anonymous_0)
FNF:1
FNH:1
FNDA:7,(anonymous_0)
DA:12,2
DA:17,7
DA:18,7
LF:3
LH:3
BRDA:12,0,0,1
BRDA:21,1,0,1
BRDA:21,1,1,6
BRDA:31,2,0,1
BRDA:31,2,1,6
BRF:5
BRH:5
end_of_record
TN:
SF:src\components\SafeAreaViewThemed.tsx
FN:8,(anonymous_0)
FNF:1
FNH:1
FNDA:5,(anonymous_0)
DA:8,1
DA:9,5
DA:10,5
LF:3
LH:3
BRF:0
BRH:0
end_of_record
TN:
SF:src\components\Subtitle.tsx
FN:7,(anonymous_0)
FNF:1
FNH:1
FNDA:5,(anonymous_0)
DA:7,1
DA:8,5
DA:9,5
LF:3
LH:3
BRF:0
BRH:0
end_of_record
TN:
SF:src\components\TextInputThemed.tsx
FN:19,(anonymous_0)
FN:35,(anonymous_1)
FN:54,(anonymous_2)
FN:70,(anonymous_3)
FN:86,(anonymous_4)
FNF:5
FNH:4
FNDA:21,(anonymous_0)
FNDA:21,(anonymous_1)
FNDA:0,(anonymous_2)
FNDA:2,(anonymous_3)
FNDA:1,(anonymous_4)
DA:19,2
DA:20,21
DA:21,21
DA:22,18
DA:24,3
DA:35,2
DA:36,21
DA:37,21
DA:38,21
DA:39,21
DA:49,21
DA:54,21
DA:55,0
DA:56,0
DA:58,21
DA:71,2
DA:87,1
DA:88,1
LF:18
LH:16
BRDA:21,0,0,18
BRDA:21,0,1,3
BRDA:31,1,0,3
BRDA:31,1,1,2
BRDA:35,2,0,3
BRDA:35,3,0,11
BRDA:55,4,0,0
BRDA:55,4,1,0
BRDA:62,5,0,3
BRDA:62,5,1,18
BRDA:79,6,0,3
BRDA:79,6,1,18
BRDA:83,7,0,15
BRDA:83,7,1,6
BRDA:87,8,0,0
BRDA:87,8,1,1
BRDA:93,9,0,3
BRDA:93,9,1,18
BRF:18
BRH:15
end_of_record
TN:
SF:src\components\TextThemed.tsx
FN:16,(anonymous_0)
FN:31,(anonymous_1)
FNF:2
FNH:2
FNDA:41,(anonymous_0)
FNDA:41,(anonymous_1)
DA:16,4
DA:20,41
DA:21,41
DA:23,35
DA:25,6
DA:27,0
DA:31,4
DA:32,41
LF:8
LH:7
BRDA:21,0,0,35
BRDA:21,0,1,6
BRDA:21,0,2,0
BRDA:31,1,0,22
BRDA:31,2,0,20
BRDA:31,3,0,35
BRF:6
BRH:5
end_of_record
TN:
SF:src\components\Title.tsx
FN:7,(anonymous_0)
FNF:1
FNH:1
FNDA:5,(anonymous_0)
DA:7,1
DA:8,5
DA:10,5
LF:3
LH:3
BRF:0
BRH:0
end_of_record
TN:
SF:src\components\UserIcon.tsx
FN:4,(anonymous_0)
FNF:1
FNH:1
FNDA:5,(anonymous_0)
DA:4,1
DA:5,5
DA:6,5
LF:3
LH:3
BRF:0
BRH:0
end_of_record
TN:
SF:src\constants\colors.ts
FNF:0
FNH:0
DA:1,4
DA:2,4
DA:3,4
DA:4,4
DA:5,4
DA:6,4
DA:7,4
DA:8,4
DA:9,4
LF:9
LH:9
BRF:0
BRH:0
end_of_record
TN:
SF:src\contexts\ThemeContext.tsx
FN:21,(anonymous_0)
FN:30,(anonymous_1)
FNF:2
FNH:2
FNDA:110,(anonymous_0)
FNDA:14,(anonymous_1)
DA:5,4
DA:21,4
DA:22,110
DA:30,4
DA:31,14
LF:5
LH:5
BRF:0
BRH:0
end_of_record
TN:
SF:src\hooks\useAnimationControls.ts
FN:3,(anonymous_0)
FN:8,(anonymous_1)
FN:14,(anonymous_2)
FNF:3
FNH:1
FNDA:15,(anonymous_0)
FNDA:0,(anonymous_1)
FNDA:0,(anonymous_2)
DA:3,1
DA:7,15
DA:8,15
DA:9,0
DA:12,0
DA:14,15
DA:15,0
DA:17,15
LF:8
LH:5
BRDA:12,0,0,0
BRDA:12,0,1,0
BRDA:12,1,0,0
BRDA:12,1,1,0
BRF:4
BRH:0
end_of_record
TN:
SF:src\views\RegisterUser.tsx
FN:23,(anonymous_0)
FNF:1
FNH:1
FNDA:5,(anonymous_0)
DA:23,1
DA:24,5
LF:2
LH:2
BRF:0
BRH:0
end_of_record
TN:
SF:tests\utils\renderWithTheme.tsx
FN:5,(anonymous_0)
FNF:1
FNH:1
FNDA:14,(anonymous_0)
DA:5,4
DA:6,14
LF:2
LH:2
BRF:0
BRH:0
end_of_record
